c:\users\robbie\dropbox\college\junior\graphics\lab4\cse287lab\debug\vc140.pdb
c:\users\robbie\dropbox\college\junior\graphics\lab4\cse287lab\debug\vc140.idb
c:\users\robbie\dropbox\college\junior\graphics\lab4\cse287lab\debug\basicincludesanddefines.obj
c:\users\robbie\dropbox\college\junior\graphics\lab4\cse287lab\debug\cylindery.obj
c:\users\robbie\dropbox\college\junior\graphics\lab4\cse287lab\debug\disk.obj
c:\users\robbie\dropbox\college\junior\graphics\lab4\cse287lab\debug\framebuffer.obj
c:\users\robbie\dropbox\college\junior\graphics\lab4\cse287lab\debug\lab.obj
c:\users\robbie\dropbox\college\junior\graphics\lab4\cse287lab\debug\lights.obj
c:\users\robbie\dropbox\college\junior\graphics\lab4\cse287lab\debug\plane.obj
c:\users\robbie\dropbox\college\junior\graphics\lab4\cse287lab\debug\quadric.obj
c:\users\robbie\dropbox\college\junior\graphics\lab4\cse287lab\debug\raytracer.obj
c:\users\robbie\dropbox\college\junior\graphics\lab4\cse287lab\debug\sphere.obj
c:\users\robbie\dropbox\college\junior\graphics\lab4\cse287lab\debug\surface.obj
c:\users\robbie\dropbox\college\junior\graphics\lab4\debug\cse287lab.ilk
c:\users\robbie\dropbox\college\junior\graphics\lab4\debug\cse287lab.exe
c:\users\robbie\dropbox\college\junior\graphics\lab4\debug\cse287lab.pdb
c:\users\robbie\dropbox\college\junior\graphics\lab4\cse287lab\debug\cse287lab.tlog\cl.command.1.tlog
c:\users\robbie\dropbox\college\junior\graphics\lab4\cse287lab\debug\cse287lab.tlog\cl.read.1.tlog
c:\users\robbie\dropbox\college\junior\graphics\lab4\cse287lab\debug\cse287lab.tlog\cl.write.1.tlog
c:\users\robbie\dropbox\college\junior\graphics\lab4\cse287lab\debug\cse287lab.tlog\link.command.1.tlog
c:\users\robbie\dropbox\college\junior\graphics\lab4\cse287lab\debug\cse287lab.tlog\link.read.1.tlog
c:\users\robbie\dropbox\college\junior\graphics\lab4\cse287lab\debug\cse287lab.tlog\link.write.1.tlog
